{"X:\\C\\Users\\Dan\\OneDrive - Durham University\\Documents\\ComSci\\Programming\\Assignment 2\\app.js": {"path":"X:\\C\\Users\\Dan\\OneDrive - Durham University\\Documents\\ComSci\\Programming\\Assignment 2\\app.js","statementMap":{"0":{"start":{"line":1,"column":14},"end":{"line":1,"column":32}},"1":{"start":{"line":3,"column":11},"end":{"line":3,"column":26}},"2":{"start":{"line":5,"column":19},"end":{"line":5,"column":43}},"3":{"start":{"line":6,"column":21},"end":{"line":6,"column":61}},"4":{"start":{"line":7,"column":14},"end":{"line":7,"column":40}},"5":{"start":{"line":8,"column":16},"end":{"line":8,"column":54}},"6":{"start":{"line":9,"column":15},"end":{"line":9,"column":34}},"7":{"start":{"line":10,"column":22},"end":{"line":10,"column":58}},"8":{"start":{"line":11,"column":0},"end":{"line":11,"column":25}},"9":{"start":{"line":14,"column":16},"end":{"line":14,"column":50}},"10":{"start":{"line":15,"column":20},"end":{"line":15,"column":54}},"11":{"start":{"line":19,"column":19},"end":{"line":19,"column":86}},"12":{"start":{"line":22,"column":10},"end":{"line":22,"column":19}},"13":{"start":{"line":24,"column":0},"end":{"line":24,"column":31}},"14":{"start":{"line":33,"column":1},"end":{"line":33,"column":18}},"15":{"start":{"line":37,"column":0},"end":{"line":37,"column":35}},"16":{"start":{"line":46,"column":1},"end":{"line":46,"column":17}},"17":{"start":{"line":50,"column":0},"end":{"line":65,"column":2}},"18":{"start":{"line":58,"column":2},"end":{"line":62,"column":4}},"19":{"start":{"line":60,"column":3},"end":{"line":60,"column":83}},"20":{"start":{"line":67,"column":0},"end":{"line":73,"column":4}},"21":{"start":{"line":74,"column":0},"end":{"line":74,"column":31}},"22":{"start":{"line":75,"column":0},"end":{"line":75,"column":28}},"23":{"start":{"line":77,"column":0},"end":{"line":79,"column":22}},"24":{"start":{"line":82,"column":0},"end":{"line":82,"column":130}},"25":{"start":{"line":83,"column":0},"end":{"line":83,"column":106}},"26":{"start":{"line":84,"column":0},"end":{"line":84,"column":27}},"27":{"start":{"line":85,"column":0},"end":{"line":85,"column":29}},"28":{"start":{"line":86,"column":0},"end":{"line":86,"column":27}},"29":{"start":{"line":95,"column":1},"end":{"line":95,"column":19}},"30":{"start":{"line":107,"column":1},"end":{"line":118,"column":4}},"31":{"start":{"line":109,"column":2},"end":{"line":114,"column":3}},"32":{"start":{"line":111,"column":3},"end":{"line":111,"column":22}},"33":{"start":{"line":112,"column":3},"end":{"line":112,"column":23}},"34":{"start":{"line":115,"column":2},"end":{"line":115,"column":28}},"35":{"start":{"line":116,"column":2},"end":{"line":116,"column":20}},"36":{"start":{"line":130,"column":1},"end":{"line":138,"column":2}},"37":{"start":{"line":132,"column":2},"end":{"line":132,"column":122}},"38":{"start":{"line":136,"column":2},"end":{"line":136,"column":22}},"39":{"start":{"line":151,"column":1},"end":{"line":166,"column":2}},"40":{"start":{"line":153,"column":20},"end":{"line":153,"column":40}},"41":{"start":{"line":154,"column":15},"end":{"line":154,"column":36}},"42":{"start":{"line":155,"column":13},"end":{"line":155,"column":28}},"43":{"start":{"line":156,"column":10},"end":{"line":156,"column":25}},"44":{"start":{"line":157,"column":16},"end":{"line":157,"column":56}},"45":{"start":{"line":158,"column":2},"end":{"line":158,"column":32}},"46":{"start":{"line":164,"column":2},"end":{"line":164,"column":28}},"47":{"start":{"line":182,"column":15},"end":{"line":182,"column":35}},"48":{"start":{"line":183,"column":11},"end":{"line":183,"column":100}},"49":{"start":{"line":184,"column":1},"end":{"line":184,"column":33}},"50":{"start":{"line":185,"column":1},"end":{"line":185,"column":66}},"51":{"start":{"line":186,"column":1},"end":{"line":186,"column":20}},"52":{"start":{"line":187,"column":1},"end":{"line":187,"column":29}},"53":{"start":{"line":218,"column":0},"end":{"line":218,"column":21}}},"fnMap":{"0":{"name":"serial","decl":{"start":{"line":31,"column":9},"end":{"line":31,"column":15}},"loc":{"start":{"line":31,"column":27},"end":{"line":35,"column":1}},"line":31},"1":{"name":"deserial","decl":{"start":{"line":44,"column":9},"end":{"line":44,"column":17}},"loc":{"start":{"line":44,"column":28},"end":{"line":48,"column":1}},"line":44},"2":{"name":"(anonymous_2)","decl":{"start":{"line":56,"column":1},"end":{"line":56,"column":2}},"loc":{"start":{"line":56,"column":64},"end":{"line":64,"column":2}},"line":56},"3":{"name":"(anonymous_3)","decl":{"start":{"line":58,"column":19},"end":{"line":58,"column":20}},"loc":{"start":{"line":60,"column":3},"end":{"line":60,"column":83}},"line":60},"4":{"name":"authCallback","decl":{"start":{"line":93,"column":9},"end":{"line":93,"column":21}},"loc":{"start":{"line":93,"column":32},"end":{"line":97,"column":1}},"line":93},"5":{"name":"logout","decl":{"start":{"line":105,"column":9},"end":{"line":105,"column":15}},"loc":{"start":{"line":105,"column":26},"end":{"line":120,"column":1}},"line":105},"6":{"name":"(anonymous_6)","decl":{"start":{"line":107,"column":21},"end":{"line":107,"column":22}},"loc":{"start":{"line":107,"column":35},"end":{"line":118,"column":2}},"line":107},"7":{"name":"details","decl":{"start":{"line":127,"column":9},"end":{"line":127,"column":16}},"loc":{"start":{"line":127,"column":27},"end":{"line":141,"column":1}},"line":127},"8":{"name":"search","decl":{"start":{"line":149,"column":9},"end":{"line":149,"column":15}},"loc":{"start":{"line":149,"column":25},"end":{"line":169,"column":1}},"line":149},"9":{"name":"httpGet","decl":{"start":{"line":179,"column":9},"end":{"line":179,"column":16}},"loc":{"start":{"line":179,"column":50},"end":{"line":189,"column":1}},"line":179}},"branchMap":{"0":{"loc":{"start":{"line":109,"column":2},"end":{"line":114,"column":3}},"type":"if","locations":[{"start":{"line":109,"column":2},"end":{"line":114,"column":3}},{"start":{"line":109,"column":2},"end":{"line":114,"column":3}}],"line":109},"1":{"loc":{"start":{"line":130,"column":1},"end":{"line":138,"column":2}},"type":"if","locations":[{"start":{"line":130,"column":1},"end":{"line":138,"column":2}},{"start":{"line":130,"column":1},"end":{"line":138,"column":2}}],"line":130}},"s":{"0":1,"1":1,"2":1,"3":1,"4":1,"5":1,"6":1,"7":1,"8":1,"9":1,"10":1,"11":1,"12":1,"13":1,"14":0,"15":1,"16":0,"17":1,"18":0,"19":0,"20":1,"21":1,"22":1,"23":1,"24":1,"25":1,"26":1,"27":1,"28":1,"29":0,"30":1,"31":1,"32":0,"33":0,"34":1,"35":1,"36":1,"37":0,"38":1,"39":1,"40":1,"41":0,"42":0,"43":0,"44":0,"45":0,"46":1,"47":0,"48":0,"49":0,"50":0,"51":0,"52":0,"53":1},"f":{"0":0,"1":0,"2":0,"3":0,"4":0,"5":1,"6":1,"7":1,"8":1,"9":0},"b":{"0":[0,1],"1":[0,1]},"_coverageSchema":"43e27e138ebf9cfc5966b082cf9a028302ed4184","hash":"39de077d03714e19332b6c33208f95f5620bfec1"}
}
