{"X:\\C\\Users\\Dan\\OneDrive - Durham University\\Documents\\ComSci\\Programming\\Assignment 2\\app.js": {"path":"X:\\C\\Users\\Dan\\OneDrive - Durham University\\Documents\\ComSci\\Programming\\Assignment 2\\app.js","statementMap":{"0":{"start":{"line":1,"column":14},"end":{"line":1,"column":32}},"1":{"start":{"line":3,"column":11},"end":{"line":3,"column":26}},"2":{"start":{"line":4,"column":21},"end":{"line":4,"column":61}},"3":{"start":{"line":5,"column":14},"end":{"line":5,"column":40}},"4":{"start":{"line":6,"column":16},"end":{"line":6,"column":54}},"5":{"start":{"line":7,"column":15},"end":{"line":7,"column":34}},"6":{"start":{"line":8,"column":22},"end":{"line":8,"column":58}},"7":{"start":{"line":11,"column":16},"end":{"line":11,"column":50}},"8":{"start":{"line":12,"column":20},"end":{"line":12,"column":54}},"9":{"start":{"line":14,"column":19},"end":{"line":14,"column":64}},"10":{"start":{"line":16,"column":10},"end":{"line":16,"column":19}},"11":{"start":{"line":18,"column":0},"end":{"line":18,"column":31}},"12":{"start":{"line":27,"column":1},"end":{"line":27,"column":18}},"13":{"start":{"line":31,"column":0},"end":{"line":31,"column":35}},"14":{"start":{"line":40,"column":1},"end":{"line":40,"column":17}},"15":{"start":{"line":44,"column":0},"end":{"line":51,"column":2}},"16":{"start":{"line":64,"column":1},"end":{"line":64,"column":89}},"17":{"start":{"line":68,"column":0},"end":{"line":74,"column":4}},"18":{"start":{"line":75,"column":0},"end":{"line":75,"column":31}},"19":{"start":{"line":76,"column":0},"end":{"line":76,"column":28}},"20":{"start":{"line":78,"column":0},"end":{"line":79,"column":14}},"21":{"start":{"line":81,"column":0},"end":{"line":81,"column":130}},"22":{"start":{"line":82,"column":0},"end":{"line":82,"column":106}},"23":{"start":{"line":83,"column":0},"end":{"line":83,"column":27}},"24":{"start":{"line":84,"column":0},"end":{"line":84,"column":29}},"25":{"start":{"line":85,"column":0},"end":{"line":85,"column":27}},"26":{"start":{"line":94,"column":1},"end":{"line":94,"column":19}},"27":{"start":{"line":107,"column":1},"end":{"line":121,"column":4}},"28":{"start":{"line":109,"column":2},"end":{"line":119,"column":3}},"29":{"start":{"line":111,"column":3},"end":{"line":111,"column":22}},"30":{"start":{"line":112,"column":3},"end":{"line":112,"column":23}},"31":{"start":{"line":116,"column":3},"end":{"line":116,"column":29}},"32":{"start":{"line":117,"column":3},"end":{"line":117,"column":21}},"33":{"start":{"line":133,"column":1},"end":{"line":142,"column":2}},"34":{"start":{"line":135,"column":2},"end":{"line":135,"column":18}},"35":{"start":{"line":136,"column":2},"end":{"line":136,"column":110}},"36":{"start":{"line":140,"column":2},"end":{"line":140,"column":22}},"37":{"start":{"line":155,"column":1},"end":{"line":172,"column":2}},"38":{"start":{"line":157,"column":20},"end":{"line":157,"column":40}},"39":{"start":{"line":158,"column":15},"end":{"line":158,"column":36}},"40":{"start":{"line":159,"column":13},"end":{"line":159,"column":28}},"41":{"start":{"line":160,"column":10},"end":{"line":160,"column":25}},"42":{"start":{"line":161,"column":16},"end":{"line":161,"column":56}},"43":{"start":{"line":162,"column":2},"end":{"line":162,"column":18}},"44":{"start":{"line":163,"column":2},"end":{"line":163,"column":20}},"45":{"start":{"line":169,"column":2},"end":{"line":169,"column":18}},"46":{"start":{"line":170,"column":2},"end":{"line":170,"column":16}},"47":{"start":{"line":188,"column":15},"end":{"line":188,"column":35}},"48":{"start":{"line":189,"column":11},"end":{"line":189,"column":100}},"49":{"start":{"line":190,"column":1},"end":{"line":190,"column":33}},"50":{"start":{"line":191,"column":1},"end":{"line":191,"column":66}},"51":{"start":{"line":192,"column":1},"end":{"line":192,"column":20}},"52":{"start":{"line":193,"column":1},"end":{"line":193,"column":29}},"53":{"start":{"line":224,"column":0},"end":{"line":224,"column":89}}},"fnMap":{"0":{"name":"serial","decl":{"start":{"line":25,"column":9},"end":{"line":25,"column":15}},"loc":{"start":{"line":25,"column":27},"end":{"line":29,"column":1}},"line":25},"1":{"name":"deserial","decl":{"start":{"line":38,"column":9},"end":{"line":38,"column":17}},"loc":{"start":{"line":38,"column":28},"end":{"line":42,"column":1}},"line":38},"2":{"name":"passUse","decl":{"start":{"line":62,"column":9},"end":{"line":62,"column":16}},"loc":{"start":{"line":62,"column":71},"end":{"line":66,"column":1}},"line":62},"3":{"name":"authCallback","decl":{"start":{"line":92,"column":9},"end":{"line":92,"column":21}},"loc":{"start":{"line":92,"column":32},"end":{"line":96,"column":1}},"line":92},"4":{"name":"logout","decl":{"start":{"line":104,"column":9},"end":{"line":104,"column":15}},"loc":{"start":{"line":104,"column":26},"end":{"line":123,"column":1}},"line":104},"5":{"name":"(anonymous_5)","decl":{"start":{"line":107,"column":21},"end":{"line":107,"column":22}},"loc":{"start":{"line":107,"column":35},"end":{"line":121,"column":2}},"line":107},"6":{"name":"details","decl":{"start":{"line":130,"column":9},"end":{"line":130,"column":16}},"loc":{"start":{"line":130,"column":27},"end":{"line":145,"column":1}},"line":130},"7":{"name":"search","decl":{"start":{"line":153,"column":9},"end":{"line":153,"column":15}},"loc":{"start":{"line":153,"column":25},"end":{"line":175,"column":1}},"line":153},"8":{"name":"httpGet","decl":{"start":{"line":185,"column":9},"end":{"line":185,"column":16}},"loc":{"start":{"line":185,"column":50},"end":{"line":195,"column":1}},"line":185}},"branchMap":{"0":{"loc":{"start":{"line":109,"column":2},"end":{"line":119,"column":3}},"type":"if","locations":[{"start":{"line":109,"column":2},"end":{"line":119,"column":3}},{"start":{"line":109,"column":2},"end":{"line":119,"column":3}}],"line":109},"1":{"loc":{"start":{"line":133,"column":1},"end":{"line":142,"column":2}},"type":"if","locations":[{"start":{"line":133,"column":1},"end":{"line":142,"column":2}},{"start":{"line":133,"column":1},"end":{"line":142,"column":2}}],"line":133}},"s":{"0":1,"1":1,"2":1,"3":1,"4":1,"5":1,"6":1,"7":1,"8":1,"9":1,"10":1,"11":1,"12":1,"13":1,"14":1,"15":1,"16":3,"17":1,"18":1,"19":1,"20":1,"21":1,"22":1,"23":1,"24":1,"25":1,"26":1,"27":2,"28":2,"29":1,"30":1,"31":1,"32":1,"33":4,"34":3,"35":3,"36":1,"37":4,"38":4,"39":3,"40":3,"41":3,"42":3,"43":3,"44":3,"45":1,"46":1,"47":3,"48":3,"49":3,"50":3,"51":3,"52":3,"53":1},"f":{"0":1,"1":1,"2":3,"3":1,"4":2,"5":2,"6":4,"7":4,"8":3},"b":{"0":[1,1],"1":[3,1]},"_coverageSchema":"43e27e138ebf9cfc5966b082cf9a028302ed4184","hash":"5c6e322288479e064f7497072d7f46c6272fbe77"}
}
