TN:
SF:X:\C\Users\Dan\OneDrive - Durham University\Documents\ComSci\Programming\Assignment 2\app.js
FN:24,(anonymous_0)
FN:30,(anonymous_1)
FN:60,(anonymous_2)
FN:62,(anonymous_3)
FN:86,(anonymous_4)
FN:90,(anonymous_5)
FN:107,logout
FN:109,(anonymous_7)
FN:129,details
FN:151,search
FN:181,httpGet
FNF:11
FNH:4
FNDA:0,(anonymous_0)
FNDA:0,(anonymous_1)
FNDA:0,(anonymous_2)
FNDA:0,(anonymous_3)
FNDA:0,(anonymous_4)
FNDA:0,(anonymous_5)
FNDA:1,logout
FNDA:1,(anonymous_7)
FNDA:1,details
FNDA:1,search
FNDA:0,httpGet
DA:1,1
DA:3,1
DA:5,1
DA:6,1
DA:7,1
DA:8,1
DA:9,1
DA:10,1
DA:11,1
DA:14,1
DA:15,1
DA:20,1
DA:22,1
DA:24,1
DA:26,0
DA:30,1
DA:32,0
DA:54,1
DA:62,0
DA:64,0
DA:71,1
DA:78,1
DA:79,1
DA:81,1
DA:86,1
DA:90,1
DA:92,0
DA:97,1
DA:98,1
DA:99,1
DA:109,1
DA:111,1
DA:113,0
DA:114,0
DA:117,1
DA:118,1
DA:132,1
DA:134,0
DA:138,1
DA:153,1
DA:155,1
DA:156,0
DA:157,0
DA:158,0
DA:159,0
DA:160,0
DA:166,1
DA:184,0
DA:185,0
DA:186,0
DA:187,0
DA:188,0
DA:189,0
DA:220,1
LF:54
LH:35
BRDA:111,0,0,0
BRDA:111,0,1,1
BRDA:132,1,0,0
BRDA:132,1,1,1
BRF:4
BRH:2
end_of_record
