TN:
SF:C:\Users\iggle\OneDrive - Durham University\Documents\ComSci\Programming\Assignment 2\app.js
FN:24,(anonymous_0)
FN:30,(anonymous_1)
FN:43,ensureAuthenticated
FN:60,(anonymous_3)
FN:62,(anonymous_4)
FN:83,(anonymous_5)
FN:87,(anonymous_6)
FN:100,(anonymous_7)
FN:102,(anonymous_8)
FN:117,(anonymous_9)
FN:125,(anonymous_10)
FN:155,httpGet
FNF:12
FNH:1
FNDA:0,(anonymous_0)
FNDA:0,(anonymous_1)
FNDA:3,ensureAuthenticated
FNDA:0,(anonymous_3)
FNDA:0,(anonymous_4)
FNDA:0,(anonymous_5)
FNDA:0,(anonymous_6)
FNDA:0,(anonymous_7)
FNDA:0,(anonymous_8)
FNDA:0,(anonymous_9)
FNDA:0,(anonymous_10)
FNDA:0,httpGet
DA:1,1
DA:3,1
DA:5,1
DA:6,1
DA:7,1
DA:8,1
DA:9,1
DA:10,1
DA:11,1
DA:14,1
DA:15,1
DA:19,1
DA:22,1
DA:24,1
DA:26,0
DA:30,1
DA:32,0
DA:45,3
DA:47,0
DA:50,3
DA:54,1
DA:62,0
DA:64,0
DA:71,1
DA:78,1
DA:79,1
DA:81,1
DA:87,1
DA:89,0
DA:93,1
DA:100,1
DA:102,0
DA:104,0
DA:106,0
DA:110,0
DA:117,1
DA:120,0
DA:125,1
DA:127,0
DA:129,0
DA:130,0
DA:131,0
DA:132,0
DA:133,0
DA:134,0
DA:139,0
DA:140,0
DA:158,0
DA:159,0
DA:160,0
DA:161,0
DA:162,0
DA:163,0
DA:194,1
LF:54
LH:28
BRDA:45,0,0,0
BRDA:45,0,1,3
BRDA:104,1,0,0
BRDA:104,1,1,0
BRF:4
BRH:1
end_of_record
